<?xml version="1.0" encoding="UTF-8"?>
<!-- Generated by org.testng.reporters.JUnitReportReporter -->
<testsuite ignored="0" hostname="DESKTOP-310KIF9" failures="0" tests="1" name="n26.monefy.testCases.TC006_NewTransfer" time="40.363" errors="0" timestamp="19 Apr 2021 06:34:41 GMT" skipped="0">
  <testcase classname="n26.monefy.testCases.TC006_NewTransfer" name="newTransfer" time="40.363"/>
</testsuite> <!-- n26.monefy.testCases.TC006_NewTransfer -->
