<?xml version="1.0" encoding="UTF-8"?>
<!-- Generated by org.testng.reporters.JUnitReportReporter -->
<testsuite ignored="0" hostname="DESKTOP-310KIF9" failures="0" tests="1" name="n26.monefy.testCases.TC005_Settings" time="34.015" errors="0" timestamp="19 Apr 2021 06:34:41 GMT" skipped="0">
  <testcase classname="n26.monefy.testCases.TC005_Settings" name="verifySettings" time="34.015"/>
</testsuite> <!-- n26.monefy.testCases.TC005_Settings -->
