<?xml version="1.0" encoding="UTF-8"?>
<!-- Generated by org.testng.reporters.JUnitReportReporter -->
<testsuite ignored="0" hostname="DESKTOP-310KIF9" failures="0" tests="1" name="n26.monefy.testCases.TC003_Expense" time="39.083" errors="0" timestamp="19 Apr 2021 06:34:41 GMT" skipped="0">
  <testcase classname="n26.monefy.testCases.TC003_Expense" name="expenseCalculation" time="39.083"/>
</testsuite> <!-- n26.monefy.testCases.TC003_Expense -->
